Model(
  (conv_layers): Sequential(
    (0): Conv2d(3, 100, kernel_size=(5, 5), stride=(1, 1))
    (1): BatchNorm2d()
    (2): ReLU()
    (3): Dropout()
    (4): MaxPool2d(kernel_size=2, stride=2, padding=0, dilation=1, ceil_mode=False)
    (5): Conv2d(100, 60, kernel_size=(3, 3), stride=(1, 1))
    (6): BatchNorm2d()
    (7): ReLU()
    (8): Dropout()
    (9): MaxPool2d(kernel_size=2, stride=2, padding=0, dilation=1, ceil_mode=False)
  )
  (fc): Linear(in_features=2160, out_features=10, bias=True)
  (loss): CrossEntropyLoss()
)
Epoch 1 of 30 took 5.913322448730469s
  learning rate:                 0.001
  training loss:                 1.3364176806807517
  training accuracy:             0.5235249881260097
  validation loss:               1.0990701282024384
  validation accuracy:           0.615899986922741
  best epoch:                    1
  best validation accuracy:      0.615899986922741
  test loss:                     1.0962202870845794
  test accuracy:                 0.6173999854922294
Epoch 2 of 30 took 6.118864297866821s
  learning rate:                 0.001
  training loss:                 1.0275801734626293
  training accuracy:             0.6431499841809273
  validation loss:               0.9757633858919144
  validation accuracy:           0.6689999842643738
  best epoch:                    2
  best validation accuracy:      0.6689999842643738
  test loss:                     0.9805757182836533
  test accuracy:                 0.6721999841928482
Epoch 3 of 30 took 5.896529197692871s
  learning rate:                 0.001
  training loss:                 0.9132819034159183
  training accuracy:             0.6810749834775924
  validation loss:               0.926380500793457
  validation accuracy:           0.6872999829053879
  best epoch:                    3
  best validation accuracy:      0.6872999829053879
  test loss:                     0.9281379407644272
  test accuracy:                 0.6840999865531922
Epoch 4 of 30 took 5.839231491088867s
  learning rate:                 0.001
  training loss:                 0.8547070439159871
  training accuracy:             0.7022749829292297
  validation loss:               0.8944101560115815
  validation accuracy:           0.6929999840259552
  best epoch:                    4
  best validation accuracy:      0.6929999840259552
  test loss:                     0.9079921102523804
  test accuracy:                 0.6894999814033508
Epoch 5 of 30 took 5.880262136459351s
  learning rate:                 0.001
  training loss:                 0.7987547083199025
  training accuracy:             0.7236749848723412
  validation loss:               0.8678721737861633
  validation accuracy:           0.7011999833583832
  best epoch:                    5
  best validation accuracy:      0.7011999833583832
  test loss:                     0.8752291625738144
  test accuracy:                 0.697299981713295
Epoch 6 of 30 took 5.716585874557495s
  learning rate:                 0.001
  training loss:                 0.7487988773733377
  training accuracy:             0.7400499804317952
  validation loss:               0.8227941125631333
  validation accuracy:           0.7204999822378159
  best epoch:                    6
  best validation accuracy:      0.7204999822378159
  test loss:                     0.8258437007665634
  test accuracy:                 0.7153999841213227
Epoch 7 of 30 took 5.4575111865997314s
  learning rate:                 0.001
  training loss:                 0.7205709720402956
  training accuracy:             0.7506249810755253
  validation loss:               0.8284816175699234
  validation accuracy:           0.7170999789237976
  best epoch:                    6
  best validation accuracy:      0.7204999822378159
  test loss:                     0.8258437007665634
  test accuracy:                 0.7153999841213227
Epoch 8 of 30 took 5.859710216522217s
  learning rate:                 0.001
  training loss:                 0.68530005030334
  training accuracy:             0.7650249817967415
  validation loss:               0.8056948238611221
  validation accuracy:           0.7303999823331833
  best epoch:                    8
  best validation accuracy:      0.7303999823331833
  test loss:                     0.8135897916555405
  test accuracy:                 0.7232999813556671
Epoch 9 of 30 took 5.880401611328125s
  learning rate:                 0.001
  training loss:                 0.6552399867027998
  training accuracy:             0.7755999799072743
  validation loss:               0.789013295173645
  validation accuracy:           0.7311999833583832
  best epoch:                    9
  best validation accuracy:      0.7311999833583832
  test loss:                     0.7987124162912369
  test accuracy:                 0.7288999819755554
Epoch 10 of 30 took 5.914825677871704s
  learning rate:                 0.001
  training loss:                 0.6354131636023521
  training accuracy:             0.7797749808430672
  validation loss:               0.7601257729530334
  validation accuracy:           0.7432999831438064
  best epoch:                    10
  best validation accuracy:      0.7432999831438064
  test loss:                     0.7704705077409745
  test accuracy:                 0.7436999821662903
Epoch 11 of 30 took 5.492905139923096s
  learning rate:                 0.001
  training loss:                 0.6120466469228267
  training accuracy:             0.7901749794185161
  validation loss:               0.7810735154151917
  validation accuracy:           0.7348999810218811
  best epoch:                    10
  best validation accuracy:      0.7432999831438064
  test loss:                     0.7704705077409745
  test accuracy:                 0.7436999821662903
Epoch 12 of 30 took 5.778294324874878s
  learning rate:                 0.001
  training loss:                 0.5873144971579314
  training accuracy:             0.7972499799728393
  validation loss:               0.7523016095161438
  validation accuracy:           0.7462999814748764
  best epoch:                    12
  best validation accuracy:      0.7462999814748764
  test loss:                     0.7651481354236602
  test accuracy:                 0.7454999816417694
Epoch 13 of 30 took 5.656678199768066s
  learning rate:                 0.001
  training loss:                 0.5750174787640572
  training accuracy:             0.7993249799311161
  validation loss:               0.7453818607330323
  validation accuracy:           0.7493999809026718
  best epoch:                    13
  best validation accuracy:      0.7493999809026718
  test loss:                     0.7549473869800568
  test accuracy:                 0.7424999839067459
Epoch 14 of 30 took 5.519655704498291s
  learning rate:                 0.001
  training loss:                 0.5570589339733124
  training accuracy:             0.8064999794960022
  validation loss:               0.7697270661592484
  validation accuracy:           0.7397999799251557
  best epoch:                    13
  best validation accuracy:      0.7493999809026718
  test loss:                     0.7549473869800568
  test accuracy:                 0.7424999839067459
Epoch 15 of 30 took 5.456984043121338s
  learning rate:                 0.001
  training loss:                 0.5379324896633625
  training accuracy:             0.814499979019165
  validation loss:               0.7658493989706039
  validation accuracy:           0.7377999836206436
  best epoch:                    13
  best validation accuracy:      0.7493999809026718
  test loss:                     0.7549473869800568
  test accuracy:                 0.7424999839067459
Epoch 16 of 30 took 5.466953992843628s
  learning rate:                 0.001
  training loss:                 0.5271471449732781
  training accuracy:             0.8163499788939953
  validation loss:               0.779284518957138
  validation accuracy:           0.7380999851226807
  best epoch:                    13
  best validation accuracy:      0.7493999809026718
  test loss:                     0.7549473869800568
  test accuracy:                 0.7424999839067459
Epoch 17 of 30 took 5.458936452865601s
  learning rate:                 0.001
  training loss:                 0.503953131660819
  training accuracy:             0.8271249784529209
  validation loss:               0.7526196402311325
  validation accuracy:           0.7461999809741974
  best epoch:                    13
  best validation accuracy:      0.7493999809026718
  test loss:                     0.7549473869800568
  test accuracy:                 0.7424999839067459
Epoch 18 of 30 took 5.7630531787872314s
  learning rate:                 0.001
  training loss:                 0.4965558323264122
  training accuracy:             0.828449979275465
  validation loss:               0.7483410954475402
  validation accuracy:           0.7500999826192856
  best epoch:                    18
  best validation accuracy:      0.7500999826192856
  test loss:                     0.7585975992679596
  test accuracy:                 0.7476999843120575
Epoch 19 of 30 took 5.4479663372039795s
  learning rate:                 0.001
  training loss:                 0.48198365986347197
  training accuracy:             0.8327499766647816
  validation loss:               0.7566800683736801
  validation accuracy:           0.7455999821424484
  best epoch:                    18
  best validation accuracy:      0.7500999826192856
  test loss:                     0.7585975992679596
  test accuracy:                 0.7476999843120575
Epoch 20 of 30 took 5.740067481994629s
  learning rate:                 0.001
  training loss:                 0.4767490351200104
  training accuracy:             0.8334999784827233
  validation loss:               0.7618970203399659
  validation accuracy:           0.7504999810457229
  best epoch:                    20
  best validation accuracy:      0.7504999810457229
  test loss:                     0.7649241518974305
  test accuracy:                 0.7431999862194061
Epoch 21 of 30 took 5.774169445037842s
  learning rate:                 0.001
  training loss:                 0.46526884227991105
  training accuracy:             0.8377249789237976
  validation loss:               0.7593411338329316
  validation accuracy:           0.7513999807834625
  best epoch:                    21
  best validation accuracy:      0.7513999807834625
  test loss:                     0.7692515736818314
  test accuracy:                 0.7408999824523925
Epoch 22 of 30 took 5.741332292556763s
  learning rate:                 0.001
  training loss:                 0.44994694348424674
  training accuracy:             0.8423499804735184
  validation loss:               0.7545121511816979
  validation accuracy:           0.7524999862909317
  best epoch:                    22
  best validation accuracy:      0.7524999862909317
  test loss:                     0.7550210222601891
  test accuracy:                 0.7508999830484391
Epoch 23 of 30 took 5.661253452301025s
  learning rate:                 0.001
  training loss:                 0.43783928707242015
  training accuracy:             0.8467749786376954
  validation loss:               0.7512954187393188
  validation accuracy:           0.7550999796390534
  best epoch:                    23
  best validation accuracy:      0.7550999796390534
  test loss:                     0.7592863488197327
  test accuracy:                 0.74829998254776
Epoch 24 of 30 took 5.411525011062622s
  learning rate:                 0.001
  training loss:                 0.4275292160734534
  training accuracy:             0.8485249783098697
  validation loss:               0.7596630775928497
  validation accuracy:           0.7534999817609787
  best epoch:                    23
  best validation accuracy:      0.7550999796390534
  test loss:                     0.7592863488197327
  test accuracy:                 0.74829998254776
Epoch 25 of 30 took 5.706395626068115s
  learning rate:                 0.001
  training loss:                 0.4243536615371704
  training accuracy:             0.850849978774786
  validation loss:               0.7553705185651779
  validation accuracy:           0.7566999787092209
  best epoch:                    25
  best validation accuracy:      0.7566999787092209
  test loss:                     0.7574461057782174
  test accuracy:                 0.7465999847650528
Epoch 26 of 30 took 5.42266583442688s
  learning rate:                 0.001
  training loss:                 0.41069466788321735
  training accuracy:             0.8551749776303769
  validation loss:               0.7620559424161911
  validation accuracy:           0.7506999826431274
  best epoch:                    25
  best validation accuracy:      0.7566999787092209
  test loss:                     0.7574461057782174
  test accuracy:                 0.7465999847650528
Epoch 27 of 30 took 5.7659265995025635s
  learning rate:                 0.001
  training loss:                 0.4015689926221967
  training accuracy:             0.8594749796390534
  validation loss:               0.7518852326273918
  validation accuracy:           0.7587999784946442
  best epoch:                    27
  best validation accuracy:      0.7587999784946442
  test loss:                     0.7661996334791183
  test accuracy:                 0.7462999814748764
Epoch 28 of 30 took 5.473963975906372s
  learning rate:                 0.001
  training loss:                 0.39296365410089495
  training accuracy:             0.8620999810099602
  validation loss:               0.7659953200817108
  validation accuracy:           0.7529999786615371
  best epoch:                    27
  best validation accuracy:      0.7587999784946442
  test loss:                     0.7661996334791183
  test accuracy:                 0.7462999814748764
Epoch 29 of 30 took 5.441901445388794s
  learning rate:                 0.001
  training loss:                 0.38823336087167265
  training accuracy:             0.8624749797582626
  validation loss:               0.7675482618808747
  validation accuracy:           0.7534999835491181
  best epoch:                    27
  best validation accuracy:      0.7587999784946442
  test loss:                     0.7661996334791183
  test accuracy:                 0.7462999814748764
Epoch 30 of 30 took 5.453972339630127s
  learning rate:                 0.001
  training loss:                 0.37251870419830085
  training accuracy:             0.8677999790012837
  validation loss:               0.783511053621769
  validation accuracy:           0.7491999834775924
  best epoch:                    27
  best validation accuracy:      0.7587999784946442
  test loss:                     0.7661996334791183
  test accuracy:                 0.7462999814748764
