Namespace(batch_size=32, cell='LSTM', data_dir='./data', decode_strategy='random', embed_units=300, layers=1, learning_rate=0.01, max_probability=1.0, name='run', num_epochs=20, temperature=1, test=None, train_dir='./train', units=64, wordvec_dir='./wordvec')
INFO: local path: ./data
INFO: processor type: Default
INFO: local path: ./wordvec
INFO: processor type: Default
Created model with fresh parameters.
wordvec cannot cover 0.076715 vocab
train set restart, 468 batches and 24 left
Epoch 1 Batch 100, train loss 4.354865
Epoch 1 Batch 200, train loss 3.440690
Epoch 1 Batch 300, train loss 3.202899
Epoch 1 Batch 400, train loss 3.047687
dev set restart, 156 batches and 8 left
Epoch 1 of 20 took 22.7849702835083s
  training loss:                 3.4435235422048995
  validation loss:               3.431682919523469
  validation perplexity:         30.928649403811928
  best epoch:                    1
  best validation perplexity:    30.928649403811928
Example 0: A giraffe taking a stained field in the air .
Example 1: A cyclist on a lot ready up up of a tall building .
Example 2: A long compact car that sitting to a very small mountains .
Example 3: Two computer sits on bench repair in a city .
Example 4: The giraffe walks while a stop .
train set restart, 468 batches and 24 left
Epoch 2 Batch 100, train loss 2.873678
Epoch 2 Batch 200, train loss 2.827858
Epoch 2 Batch 300, train loss 2.783808
Epoch 2 Batch 400, train loss 2.758262
dev set restart, 156 batches and 8 left
Epoch 2 of 20 took 23.629842042922974s
  training loss:                 2.7989934888729917
  validation loss:               3.251913021869091
  validation perplexity:         25.83972462341654
  best epoch:                    2
  best validation perplexity:    25.83972462341654
Example 0: A boat with a hat on the steps .
Example 1: A motorcycle sitting down a street corner is airport with a lot while looking .
Example 2: A red light sits at a lighthouse and no signal .
Example 3: A red fire hydrant under a traffic light is in front of a bathroom sink for the plane behind a park .
Example 4: A giraffe standing on the tarmac on its with a donut .
train set restart, 468 batches and 24 left
Epoch 3 Batch 100, train loss 2.602105
Epoch 3 Batch 200, train loss 2.632272
Epoch 3 Batch 300, train loss 2.623310
Epoch 3 Batch 400, train loss 2.615578
dev set restart, 156 batches and 8 left
Epoch 3 of 20 took 24.427985668182373s
  training loss:                 2.6169688981224986
  validation loss:               3.2172035606917517
  validation perplexity:         24.95822833195523
  best epoch:                    3
  best validation perplexity:    24.95822833195523
Example 0: The building is seen a bus and sitting on the sidewalk .
Example 1: The red painted parked and red bus driving down a street .
Example 2: A white motorcycle bike towing other racing wearing and - shirt down .
Example 3: Many people are left while walking down a busy street near the base brick next to one roads beach .
Example 4: Black and woman prepared for for a basket on carpet .
train set restart, 468 batches and 24 left
Epoch 4 Batch 100, train loss 2.486908
Epoch 4 Batch 200, train loss 2.489368
Epoch 4 Batch 300, train loss 2.517528
Epoch 4 Batch 400, train loss 2.534928
dev set restart, 156 batches and 8 left
Epoch 4 of 20 took 24.104450225830078s
  training loss:                 2.5094763515854694
  validation loss:               3.199652675151491
  validation perplexity:         24.524010919339172
  best epoch:                    4
  best validation perplexity:    24.524010919339172
Example 0: A giraffe standing on a field of trees .
Example 1: The yard of clearly reflected in the bedroom are lined along of the sky .
Example 2: A fire hydrant talking on it ' s owner in donuts on a three story building .
Example 3: Group of sheep in a brown and white ram inside of a large field .
Example 4: Double sunset lit decorated , furnished under pots , busses and on a side .
train set restart, 468 batches and 24 left
Epoch 5 Batch 100, train loss 2.417282
Epoch 5 Batch 200, train loss 2.420852
Epoch 5 Batch 300, train loss 2.438326
Epoch 5 Batch 400, train loss 2.451740
dev set restart, 156 batches and 8 left
Epoch 5 of 20 took 24.134353637695312s
  training loss:                 2.433161921846841
  validation loss:               3.2063773590303235
  validation perplexity:         24.68948288998746
  best epoch:                    4
  best validation perplexity:    24.524010919339172
Example 0: A red motor scooter is parked in a driveway with lettering .
Example 1: A photograph of an old - force bathroom with a plunger all a white toilet bowl .
Example 2: An elderly man wearing overalls over above a helmet .
Example 3: An orange and white airplane with a cloudy sky .
Example 4: A giraffe is an orange and plant and a picture of the other screens .
train set restart, 468 batches and 24 left
Epoch 6 Batch 100, train loss 2.330523
Epoch 6 Batch 200, train loss 2.366581
Epoch 6 Batch 300, train loss 2.373971
Epoch 6 Batch 400, train loss 2.404391
dev set restart, 156 batches and 8 left
Epoch 6 of 20 took 23.62946653366089s
  training loss:                 2.375607141807898
  validation loss:               3.240426337855019
  validation perplexity:         25.544610060397027
  best epoch:                    4
  best validation perplexity:    24.524010919339172
Example 0: A green bus sitting under a door at an intersection terminal in the street . One dirty on a pole in the background .
Example 1: A man riding a bike past a group of people .
Example 2: A road looking in New York City line .
Example 3: A bright red fire hydrant is dark clean and that looks like it .
Example 4: A man and a woman sitting on a bike .
train set restart, 468 batches and 24 left
Epoch 7 Batch 100, train loss 2.290175
Epoch 7 Batch 200, train loss 2.313814
Epoch 7 Batch 300, train loss 2.348214
Epoch 7 Batch 400, train loss 2.344385
dev set restart, 156 batches and 8 left
Epoch 7 of 20 took 24.055379152297974s
  training loss:                 2.3315608928452676
  validation loss:               3.264777141221054
  validation perplexity:         26.17427717333774
  best epoch:                    4
  best validation perplexity:    24.524010919339172
Example 0: A kitchen with a dated plunger rack and with brown eyes .
Example 1: Group of two men are standing next to benches next to a building surface .
Example 2: Many giraffes standing in a pot ' s lap all in a cage .
Example 3: A man and woman riding a horse interacting a bike high in a city bus .
Example 4: A woman taking off with an umbrella and a lamp on it .
train set restart, 468 batches and 24 left
Epoch 8 Batch 100, train loss 2.250846
Epoch 8 Batch 200, train loss 2.266791
Epoch 8 Batch 300, train loss 2.298794
Epoch 8 Batch 400, train loss 2.317998
dev set restart, 156 batches and 8 left
Epoch 8 of 20 took 24.539169549942017s
  training loss:                 2.291781488766294
  validation loss:               3.305846816411433
  validation perplexity:         27.27162587370228
  best epoch:                    4
  best validation perplexity:    24.524010919339172
Example 0: Some men in outside white uniform seat are standing on a paper roll in the center .
Example 1: A woman standing next to a flat screen TV from rope .
Example 2: A man sitting on a bench with a large knife .
Example 3: Two men sitting on somebody and two adult giraffe running together at an airport red air .
Example 4: A flock of giraffes walking around in the middle of the street filled grass .
train set restart, 468 batches and 24 left
Epoch 9 Batch 100, train loss 2.231469
Epoch 9 Batch 200, train loss 2.245450
Epoch 9 Batch 300, train loss 2.255278
Epoch 9 Batch 400, train loss 2.303312
dev set restart, 156 batches and 8 left
Epoch 9 of 20 took 23.546218156814575s
  training loss:                 2.261852384376119
  validation loss:               3.3236596319054836
  validation perplexity:         27.76176271233082
  best epoch:                    4
  best validation perplexity:    24.524010919339172
Example 0: A row of motorcycles lined up with a woman riding and people stand at an aircraft .
Example 1: Two giraffes wandering near tree , faded trees .
Example 2: A corner of a very small toilet in the bathroom .
Example 3: A car that is sitting in the shape of a cityscape of people walking .
Example 4: A man in an airplane on a bench .
train set restart, 468 batches and 24 left
Epoch 10 Batch 100, train loss 2.168512
Epoch 10 Batch 200, train loss 2.235353
Epoch 10 Batch 300, train loss 2.245255
Epoch 10 Batch 400, train loss 2.270573
dev set restart, 156 batches and 8 left
Epoch 10 of 20 took 23.804081439971924s
  training loss:                 2.232603601555326
  validation loss:               3.3641067553488093
  validation perplexity:         28.90766414672777
  best epoch:                    4
  best validation perplexity:    24.524010919339172
Example 0: A street with two vehicles parked in a lot .
Example 1: A black and white picture of a fake fire hydrant covered in snow , and houses in the distance .
Example 2: A herd of animals walking by the water of bushes .
Example 3: Double in costumes and shirts in between two others are riding through a car .
Example 4: There is a couple of spoons preparing food to then for the shoulder of it ' s head in two cupboard .
train set restart, 468 batches and 24 left
Epoch 11 Batch 100, train loss 2.154827
Epoch 11 Batch 200, train loss 2.202361
Epoch 11 Batch 300, train loss 2.232245
Epoch 11 Batch 400, train loss 2.220660
dev set restart, 156 batches and 8 left
Epoch 11 of 20 took 23.153766870498657s
  training loss:                 2.20875654800106
  validation loss:               3.3908043916192705
  validation perplexity:         29.6898249139428
  best epoch:                    4
  best validation perplexity:    24.524010919339172
Example 0: The motorcycle is parked in front of a few different turned .
Example 1: Two motorcycle ride motorcycles passed a side - lane covered in San clothing .
Example 2: A group of people near a head on a yard subway with other cars .
Example 3: A large white air , propeller plane with a statue behind the an airport .
Example 4: A pug commercial up on the intersection that has a fence next to each other .
train set restart, 468 batches and 24 left
Epoch 12 Batch 100, train loss 2.137746
Epoch 12 Batch 200, train loss 2.170082
Epoch 12 Batch 300, train loss 2.208967
Epoch 12 Batch 400, train loss 2.199035
dev set restart, 156 batches and 8 left
Epoch 12 of 20 took 23.826455116271973s
  training loss:                 2.187649415754306
  validation loss:               3.4207645515949636
  validation perplexity:         30.592795852848862
  best epoch:                    4
  best validation perplexity:    24.524010919339172
Example 0: A red car that is standing in a hangar .
Example 1: The lunch space , and one giraffe facing in the foreground .
Example 2: Two motor cross walk in the rain near a large building .
Example 3: a white , bench , on the front , site and street lamps .
Example 4: Police officers on motorcycles in front of a bus stop .
train set restart, 468 batches and 24 left
Epoch 13 Batch 100, train loss 2.123246
Epoch 13 Batch 200, train loss 2.152210
Epoch 13 Batch 300, train loss 2.188704
Epoch 13 Batch 400, train loss 2.178313
dev set restart, 156 batches and 8 left
Epoch 13 of 20 took 23.158859968185425s
  training loss:                 2.1666251591273715
  validation loss:               3.4521332279837247
  validation perplexity:         31.56766155192529
  best epoch:                    4
  best validation perplexity:    24.524010919339172
Example 0: A man is holding a pile while holding her birthday while standing and holding something .
Example 1: A jet airplane on the tarmac during the day .
Example 2: A woman is riding a scooter next to a stand high wall .
Example 3: A horse drawn carriage with a bear with a gas station .
Example 4: A side dining table as several plates on the counter space between an owl figurine .
train set restart, 468 batches and 24 left
Epoch 14 Batch 100, train loss 2.101887
Epoch 14 Batch 200, train loss 2.136022
Epoch 14 Batch 300, train loss 2.155337
Epoch 14 Batch 400, train loss 2.189509
dev set restart, 156 batches and 8 left
Epoch 14 of 20 took 23.479944467544556s
  training loss:                 2.1501868881904747
  validation loss:               3.505152287306735
  validation perplexity:         33.286512579793914
  best epoch:                    4
  best validation perplexity:    24.524010919339172
Example 0: An older woman is sitting in the backseat on the beach bench nearby .
Example 1: The seat of wall mounted sits stop paper television .
Example 2: A bathroom with a toilet and shower stall .
Example 3: An alley with snow suit sits on a sidewalk in the rails .
Example 4: A yellow fire hydrant in the middle of a row .
train set restart, 468 batches and 24 left
Epoch 15 Batch 100, train loss 2.085301
Epoch 15 Batch 200, train loss 2.115781
Epoch 15 Batch 300, train loss 2.134023
Epoch 15 Batch 400, train loss 2.168753
dev set restart, 156 batches and 8 left
Epoch 15 of 20 took 24.486149072647095s
  training loss:                 2.132992706064985
  validation loss:               3.544515511985745
  validation perplexity:         34.62290689470153
  best epoch:                    4
  best validation perplexity:    24.524010919339172
Example 0: There are kitchen and a large white bowl next to noodles .
Example 1: A wooden bench sitting net to a building near a fence .
Example 2: A tiger bug on a bus seat is parked near the curb .
Example 3: A huge red car is pulled over a passing by another truck .
Example 4: We from the mirror of a church bell tower , trees , and parking space .
train set restart, 468 batches and 24 left
Epoch 16 Batch 100, train loss 2.070309
Epoch 16 Batch 200, train loss 2.120814
Epoch 16 Batch 300, train loss 2.110948
Epoch 16 Batch 400, train loss 2.136856
dev set restart, 156 batches and 8 left
Epoch 16 of 20 took 23.734690189361572s
  training loss:                 2.1186900304070413
  validation loss:               3.5765923584480017
  validation perplexity:         35.751504724426646
  best epoch:                    4
  best validation perplexity:    24.524010919339172
Example 0: a group of giraffes , one used standing in the foreground behind a black .
Example 1: A traffic light suspended a show a maroon colored car sitting in front of a wooden parking lot .
Example 2: A couple of men standing and doing a horse standing in view .
Example 3: The engine of a huge section of the water with a bicycle .
Example 4: A stuffed teddy bear has a baby helps flies under a toilet .
train set restart, 468 batches and 24 left
Epoch 17 Batch 100, train loss 2.061435
Epoch 17 Batch 200, train loss 2.089711
Epoch 17 Batch 300, train loss 2.119798
Epoch 17 Batch 400, train loss 2.136355
dev set restart, 156 batches and 8 left
Epoch 17 of 20 took 23.574740409851074s
  training loss:                 2.1054927885913646
  validation loss:               3.6323674530119097
  validation perplexity:         37.80220570895606
  best epoch:                    4
  best validation perplexity:    24.524010919339172
Example 0: A big bus in the street with a double decker bus drives down the street .
Example 1: A very tall building with a white building and a car that says to her .
Example 2: A public signal is sitting area of the street .
Example 3: A man laying on a bag in brown water with its leaves .
Example 4: A guy riding a bike traveling at the traffic loading passengers on the side of a street .
train set restart, 468 batches and 24 left
Epoch 18 Batch 100, train loss 2.032250
Epoch 18 Batch 200, train loss 2.066856
Epoch 18 Batch 300, train loss 2.103599
Epoch 18 Batch 400, train loss 2.135555
dev set restart, 156 batches and 8 left
Epoch 18 of 20 took 25.66245126724243s
  training loss:                 2.09161010505294
  validation loss:               3.662923585669213
  validation perplexity:         38.97512357921732
  best epoch:                    4
  best validation perplexity:    24.524010919339172
Example 0: A toilet in a bathroom next to a white bath tub .
Example 1: Two red face - leather - up on back of a water where he at old chairs watching an airplane .
Example 2: A black and white dog laying on top of a beach .
Example 3: Several vehicles and cars waits in flight .
Example 4: Someone ' s feet unused parked looking out of a car ' s toilet tank has an image not built many a grey motorcycle .
train set restart, 468 batches and 24 left
Epoch 19 Batch 100, train loss 2.030584
Epoch 19 Batch 200, train loss 2.071632
Epoch 19 Batch 300, train loss 2.082528
Epoch 19 Batch 400, train loss 2.108921
dev set restart, 156 batches and 8 left
Epoch 19 of 20 took 23.175922870635986s
  training loss:                 2.079684057469561
  validation loss:               3.6925836800932945
  validation perplexity:         40.14844380413554
  best epoch:                    4
  best validation perplexity:    24.524010919339172
Example 0: A brown teddy bear is covered in front of a pink door .
Example 1: A bus approaching towed at a street curb .
Example 2: A couple of white sheep that are fenced next to a goat from on a wired fence .
Example 3: A white lit country and street lights are pictured .
Example 4: The monitor with some computers on it .
train set restart, 468 batches and 24 left
Epoch 20 Batch 100, train loss 2.019480
Epoch 20 Batch 200, train loss 2.056280
Epoch 20 Batch 300, train loss 2.073223
Epoch 20 Batch 400, train loss 2.105316
dev set restart, 156 batches and 8 left
Epoch 20 of 20 took 22.908482551574707s
  training loss:                 2.0695592851272777
  validation loss:               3.730400590723464
  validation perplexity:         41.6958077727529
  best epoch:                    4
  best validation perplexity:    24.524010919339172
Example 0: A herd of sheep standing to each other near a bench beside a giant umbrella .
Example 1: A yellow wall place is decorated with old steps leading up along the bus stop .
Example 2: Two small white church sitting outside a landed bus .
Example 3: A dirt bike rider parked by an airplane .
Example 4: A glass of wine on a toilet and sink in a bathroom .
